2018-10-15 13:58:13.9131 [DEBUG] Validating model...
2018-10-15 13:58:14.0911 [DEBUG] Model updated
2018-10-15 13:58:14.0931 [DEBUG] Authenticating with server...
2018-10-15 13:58:14.6135 [DEBUG] Connected to room. (83680:SceneFusion:SceneFusion)
2018-10-15 13:58:14.6525 [INFO] Connected to server.
2018-10-15 13:58:14.6525 [DEBUG] OS : Microsoft Windows NT 10.0.17134.0
2018-10-15 13:58:14.6535 [DEBUG] Unity Version : 2018.2.8f1
2018-10-15 13:58:14.6535 [DEBUG] Pro License : False
2018-10-15 13:58:14.6545 [DEBUG] Platform : WindowsEditor
2018-10-15 13:58:14.6545 [DEBUG] Build Target : StandaloneWindows64
2018-10-15 13:58:14.6555 [DEBUG] Scene Fusion version : 1.8.1
2018-10-15 13:58:14.6555 [DEBUG] Scene Fusion client build : 0
2018-10-15 13:58:14.6565 [DEBUG] User : kspenc05@uoguelph.ca
2018-10-15 13:58:14.6565 [DEBUG] Waiting for server response
2018-10-15 13:58:15.0705 [DEBUG] Tier: SF Essential 4, Permissions: 00000003
2018-10-15 13:58:15.0705 [DEBUG] User Permissions: FFFFFFFF
2018-10-15 13:58:18.4967 [DEBUG] No stand-in for UnityEngine.ProceduralMaterial
2018-10-15 13:58:18.4967 [DEBUG] No stand-in for UnityEngine.ProceduralTexture
2018-10-15 13:58:19.8919 [DEBUG] Uploading scene 'SampleScene'
2018-10-15 13:58:20.4728 [DEBUG] Compressing scene data
2018-10-15 13:58:20.9309 [DEBUG] Spawn request. (Objects: 28)
2018-10-15 13:58:21.2340 [DEBUG] Loading complete
2018-10-15 14:56:06.8513 [DEBUG] Disconnecting temporarily to enter play mode.
2018-10-15 14:56:06.8743 [DEBUG] Disconnecting from room (83680:SceneFusion:SceneFusion)
2018-10-15 14:56:06.9533 [INFO] Disconnected from server.
2018-10-15 14:56:06.9543 [DEBUG] Disconnect. (Duration: 3472)
2018-10-15 14:56:08.6129 [INFO] Static batching in play mode is not supported in a Scene Fusion session and will be temporarily disabled.
2018-10-15 14:56:37.8162 [DEBUG] Scene Fusion version 1.8.1-0
2018-10-15 14:56:38.2193 [DEBUG] Play mode: True, sync in play mode: True
2018-10-15 14:56:38.9651 [DEBUG] Connecting
2018-10-15 14:56:39.3692 [DEBUG] Connecting to room (83680:SceneFusion:SceneFusion) via TCP at ec2-52-43-42-38.us-west-2.compute.amazonaws.com:1100
2018-10-15 14:56:39.4892 [DEBUG] Host connection. (Session: 83680)
2018-10-15 14:56:40.4830 [DEBUG] Validating model...
2018-10-15 14:56:40.7566 [DEBUG] Model updated
2018-10-15 14:56:40.7606 [DEBUG] Authenticating with server...
2018-10-15 14:56:41.0847 [DEBUG] Connected to room. (83680:SceneFusion:SceneFusion)
2018-10-15 14:56:41.4118 [INFO] Connected to server.
2018-10-15 14:56:41.4138 [DEBUG] OS : Microsoft Windows NT 10.0.17134.0
2018-10-15 14:56:41.4138 [DEBUG] Unity Version : 2018.2.8f1
2018-10-15 14:56:41.4138 [DEBUG] Pro License : False
2018-10-15 14:56:41.4158 [DEBUG] Platform : WindowsEditor
2018-10-15 14:56:41.4158 [DEBUG] Build Target : StandaloneWindows64
2018-10-15 14:56:41.4168 [DEBUG] Scene Fusion version : 1.8.1
2018-10-15 14:56:41.4168 [DEBUG] Scene Fusion client build : 0
2018-10-15 14:56:41.4168 [DEBUG] User : kspenc05@uoguelph.ca
2018-10-15 14:56:41.4178 [DEBUG] Waiting for server response
2018-10-15 14:56:42.0387 [DEBUG] Tier: SF Essential 4, Permissions: 00000003
2018-10-15 14:56:42.0387 [DEBUG] User Permissions: FFFFFFFF
2018-10-15 14:56:42.9992 [DEBUG] No stand-in for UnityEngine.ProceduralMaterial
2018-10-15 14:56:43.0002 [DEBUG] No stand-in for UnityEngine.ProceduralTexture
2018-10-15 14:56:45.0878 [DEBUG] Loading complete
2018-10-15 14:57:15.5309 [DEBUG] Play mode: False
2018-10-15 14:57:16.1703 [DEBUG] Loading complete
2018-10-15 15:33:21.2186 [DEBUG] Disconnecting temporarily to recompile.
2018-10-15 15:33:21.2266 [DEBUG] Disconnecting from room (83680:SceneFusion:SceneFusion)
2018-10-15 15:33:21.3176 [INFO] Disconnected from server.
2018-10-15 15:33:21.3186 [DEBUG] Disconnect. (Duration: -198)
2018-10-15 15:33:37.6834 [DEBUG] Connecting
2018-10-15 15:33:37.7295 [DEBUG] Connecting to room (83680:SceneFusion:SceneFusion) via TCP at ec2-52-43-42-38.us-west-2.compute.amazonaws.com:1100
2018-10-15 15:33:37.7695 [DEBUG] Host connection. (Session: 83680)
2018-10-15 15:33:38.1716 [DEBUG] Validating model...
2018-10-15 15:33:38.2846 [DEBUG] Model updated
2018-10-15 15:33:38.2846 [DEBUG] Authenticating with server...
2018-10-15 15:33:38.5402 [DEBUG] Connected to room. (83680:SceneFusion:SceneFusion)
2018-10-15 15:33:38.5532 [INFO] Connected to server.
2018-10-15 15:33:38.5532 [DEBUG] OS : Microsoft Windows NT 10.0.17134.0
2018-10-15 15:33:38.5532 [DEBUG] Unity Version : 2018.2.8f1
2018-10-15 15:33:38.5532 [DEBUG] Pro License : False
2018-10-15 15:33:38.5532 [DEBUG] Platform : WindowsEditor
2018-10-15 15:33:38.5532 [DEBUG] Build Target : StandaloneWindows64
2018-10-15 15:33:38.5542 [DEBUG] Scene Fusion version : 1.8.1
2018-10-15 15:33:38.5542 [DEBUG] Scene Fusion client build : 0
2018-10-15 15:33:38.5542 [DEBUG] User : kspenc05@uoguelph.ca
2018-10-15 15:33:38.5542 [DEBUG] Waiting for server response
2018-10-15 15:33:38.6122 [DEBUG] Tier: SF Essential 4, Permissions: 00000003
2018-10-15 15:33:38.6122 [DEBUG] User Permissions: FFFFFFFF
2018-10-15 15:33:38.6452 [DEBUG] No stand-in for UnityEngine.ProceduralMaterial
2018-10-15 15:33:38.6452 [DEBUG] No stand-in for UnityEngine.ProceduralTexture
2018-10-15 15:33:38.8232 [DEBUG] Loading complete
2018-10-15 15:46:59.1800 [DEBUG] Disconnecting temporarily to recompile.
2018-10-15 15:46:59.1800 [DEBUG] Disconnecting from room (83680:SceneFusion:SceneFusion)
2018-10-15 15:46:59.2250 [INFO] Disconnected from server.
2018-10-15 15:46:59.2250 [DEBUG] Disconnect. (Duration: 619)
2018-10-15 15:48:43.2376 [DEBUG] Scene Fusion version 1.8.1-0
2018-10-15 15:48:43.8306 [DEBUG] Play mode: True, sync in play mode: True
2018-10-15 15:48:44.8256 [DEBUG] Property changes detected after recompile. Will not reconnect.
2018-10-15 15:48:44.9707 [DEBUG] Connecting to room (83680:SceneFusion:SceneFusion) via TCP at ec2-52-43-42-38.us-west-2.compute.amazonaws.com:1100
2018-10-15 15:48:45.4877 [DEBUG] Validating model...
2018-10-15 15:48:45.6347 [DEBUG] Model updated
2018-10-15 15:48:45.6367 [DEBUG] Authenticating with server...
2018-10-15 15:48:45.8488 [DEBUG] Authentication with the remote host failed. (83680:SceneFusion:SceneFusion)
2018-10-15 15:48:45.9518 [DEBUG] Connection failed. (83680:SceneFusion:SceneFusion)
2018-10-15 15:48:47.0259 [DEBUG] Connection failed. (83680:SceneFusion:SceneFusion)
2018-10-15 15:48:51.2205 [ERROR] IndexOutOfRangeException: Array index is out of range.
Movement.Update () (at Assets/Movement.cs:52)

2018-10-15 15:48:51.3245 [ERROR] IndexOutOfRangeException: Array index is out of range.
Movement.Update () (at Assets/Movement.cs:92)

2018-10-15 15:48:51.8463 [ERROR] IndexOutOfRangeException: Array index is out of range.
Movement.Update () (at Assets/Movement.cs:45)

2018-10-15 15:48:51.9613 [ERROR] IndexOutOfRangeException: Array index is out of range.
Movement.Update () (at Assets/Movement.cs:86)

2018-10-15 15:48:52.3889 [ERROR] IndexOutOfRangeException: Array index is out of range.
Movement.Update () (at Assets/Movement.cs:45)

2018-10-15 15:48:52.4870 [ERROR] IndexOutOfRangeException: Array index is out of range.
Movement.Update () (at Assets/Movement.cs:86)

2018-10-15 15:48:52.7630 [ERROR] IndexOutOfRangeException: Array index is out of range.
Movement.Update () (at Assets/Movement.cs:52)

2018-10-15 15:48:52.9932 [ERROR] IndexOutOfRangeException: Array index is out of range.
Movement.Update () (at Assets/Movement.cs:92)

2018-10-15 15:48:53.2383 [ERROR] IndexOutOfRangeException: Array index is out of range.
Movement.Update () (at Assets/Movement.cs:59)

2018-10-15 15:48:53.3593 [ERROR] IndexOutOfRangeException: Array index is out of range.
Movement.Update () (at Assets/Movement.cs:74)

2018-10-15 15:48:53.6394 [ERROR] IndexOutOfRangeException: Array index is out of range.
Movement.Update () (at Assets/Movement.cs:59)

2018-10-15 15:48:53.7574 [ERROR] IndexOutOfRangeException: Array index is out of range.
Movement.Update () (at Assets/Movement.cs:74)

2018-10-15 15:48:53.9235 [ERROR] IndexOutOfRangeException: Array index is out of range.
Movement.Update () (at Assets/Movement.cs:66)

2018-10-15 15:48:54.0540 [ERROR] IndexOutOfRangeException: Array index is out of range.
Movement.Update () (at Assets/Movement.cs:80)

2018-10-15 15:48:54.0820 [ERROR] IndexOutOfRangeException: Array index is out of range.
Movement.Update () (at Assets/Movement.cs:66)

2018-10-15 15:48:54.1780 [ERROR] IndexOutOfRangeException: Array index is out of range.
Movement.Update () (at Assets/Movement.cs:80)

2018-10-15 15:48:54.2711 [ERROR] IndexOutOfRangeException: Array index is out of range.
Movement.Update () (at Assets/Movement.cs:66)

2018-10-15 15:48:54.3361 [ERROR] IndexOutOfRangeException: Array index is out of range.
Movement.Update () (at Assets/Movement.cs:80)

2018-10-15 15:48:54.4912 [ERROR] IndexOutOfRangeException: Array index is out of range.
Movement.Update () (at Assets/Movement.cs:66)

2018-10-15 15:48:54.5232 [ERROR] IndexOutOfRangeException: Array index is out of range.
Movement.Update () (at Assets/Movement.cs:80)

2018-10-15 15:48:54.6383 [ERROR] IndexOutOfRangeException: Array index is out of range.
Movement.Update () (at Assets/Movement.cs:59)

2018-10-15 15:48:54.7453 [ERROR] IndexOutOfRangeException: Array index is out of range.
Movement.Update () (at Assets/Movement.cs:74)

2018-10-15 15:48:54.8443 [ERROR] IndexOutOfRangeException: Array index is out of range.
Movement.Update () (at Assets/Movement.cs:59)

2018-10-15 15:48:55.0194 [ERROR] IndexOutOfRangeException: Array index is out of range.
Movement.Update () (at Assets/Movement.cs:74)

2018-10-15 15:48:55.0504 [ERROR] IndexOutOfRangeException: Array index is out of range.
Movement.Update () (at Assets/Movement.cs:59)

2018-10-15 15:48:55.0734 [ERROR] IndexOutOfRangeException: Array index is out of range.
Movement.Update () (at Assets/Movement.cs:74)

2018-10-15 15:48:55.2650 [ERROR] IndexOutOfRangeException: Array index is out of range.
Movement.Update () (at Assets/Movement.cs:66)

2018-10-15 15:48:55.5061 [ERROR] IndexOutOfRangeException: Array index is out of range.
Movement.Update () (at Assets/Movement.cs:80)

2018-10-15 15:48:55.5401 [ERROR] IndexOutOfRangeException: Array index is out of range.
Movement.Update () (at Assets/Movement.cs:80)

2018-10-15 15:48:55.6671 [ERROR] IndexOutOfRangeException: Array index is out of range.
Movement.Update () (at Assets/Movement.cs:59)

2018-10-15 15:48:55.7462 [ERROR] IndexOutOfRangeException: Array index is out of range.
Movement.Update () (at Assets/Movement.cs:74)

2018-10-15 15:48:55.8592 [ERROR] IndexOutOfRangeException: Array index is out of range.
Movement.Update () (at Assets/Movement.cs:59)

2018-10-15 15:48:56.0052 [ERROR] IndexOutOfRangeException: Array index is out of range.
Movement.Update () (at Assets/Movement.cs:74)

2018-10-15 15:48:56.2073 [ERROR] IndexOutOfRangeException: Array index is out of range.
Movement.Update () (at Assets/Movement.cs:66)

2018-10-15 15:48:56.3213 [ERROR] IndexOutOfRangeException: Array index is out of range.
Movement.Update () (at Assets/Movement.cs:80)

2018-10-15 15:49:00.4013 [DEBUG] Play mode: False
