2018-10-18 14:02:12.8888 [DEBUG] Scene Fusion version 1.8.1-0
2018-10-18 14:06:20.3150 [DEBUG] Scene Fusion version 1.8.1-0
2018-10-18 15:18:50.5362 [DEBUG] Scene Fusion version 1.8.1-0
2018-10-18 15:18:50.8533 [DEBUG] Play mode: True, sync in play mode: True
2018-10-18 15:19:01.5884 [DEBUG] Play mode: False
2018-10-18 15:42:26.9534 [DEBUG] Scene Fusion version 1.8.1-0
2018-10-18 15:42:27.4825 [DEBUG] Play mode: True, sync in play mode: True
2018-10-18 15:42:59.6312 [DEBUG] Play mode: False
2018-10-18 15:45:08.5957 [DEBUG] Scene Fusion version 1.8.1-0
2018-10-18 15:45:08.7667 [DEBUG] Play mode: True, sync in play mode: True
2018-10-18 15:45:17.1574 [ERROR] IndexOutOfRangeException: Array index is out of range.
Movement.Update () (at Assets/Movement.cs:67)

2018-10-18 15:45:19.0671 [ERROR] IndexOutOfRangeException: Array index is out of range.
Movement.Update () (at Assets/Movement.cs:67)

2018-10-18 15:45:19.4432 [ERROR] IndexOutOfRangeException: Array index is out of range.
Movement.Update () (at Assets/Movement.cs:67)

2018-10-18 15:45:21.1078 [ERROR] IndexOutOfRangeException: Array index is out of range.
Movement.Update () (at Assets/Movement.cs:67)

2018-10-18 15:45:25.0600 [DEBUG] Play mode: False
2018-10-18 15:54:47.8125 [DEBUG] Scene Fusion version 1.8.1-0
2018-10-18 15:54:48.2776 [DEBUG] Play mode: True, sync in play mode: True
2018-10-18 15:55:31.6320 [DEBUG] Play mode: False
2018-10-18 15:56:30.6534 [DEBUG] Scene Fusion version 1.8.1-0
2018-10-18 15:56:30.9495 [DEBUG] Play mode: True, sync in play mode: True
2018-10-18 15:56:58.7976 [DEBUG] Play mode: False
2018-10-18 15:57:39.8128 [DEBUG] Scene Fusion version 1.8.1-0
2018-10-18 15:57:40.0999 [DEBUG] Play mode: True, sync in play mode: True
2018-10-18 15:57:57.0889 [DEBUG] Play mode: False
2018-10-18 16:05:08.1698 [DEBUG] Scene Fusion version 1.8.1-0
2018-10-18 16:05:08.7020 [DEBUG] Play mode: True, sync in play mode: True
2018-10-18 16:05:28.1261 [DEBUG] Play mode: False
2018-10-18 16:06:53.0725 [DEBUG] Scene Fusion version 1.8.1-0
2018-10-18 16:06:54.3104 [DEBUG] Play mode: True, sync in play mode: True
2018-10-18 16:07:17.5723 [DEBUG] Play mode: False
2018-10-18 16:10:51.6942 [DEBUG] Scene Fusion version 1.8.1-0
2018-10-18 16:10:52.3414 [DEBUG] Play mode: True, sync in play mode: True
2018-10-18 16:11:24.1378 [DEBUG] Play mode: False
2018-10-18 18:22:43.5444 [DEBUG] Scene Fusion version 1.8.1-0
2018-10-18 18:22:43.8244 [DEBUG] Play mode: True, sync in play mode: True
2018-10-18 18:23:09.7821 [DEBUG] Play mode: False
2018-10-18 18:23:43.5144 [DEBUG] Scene Fusion version 1.8.1-0
2018-10-18 18:23:43.7560 [DEBUG] Play mode: True, sync in play mode: True
2018-10-18 18:23:51.1245 [DEBUG] Play mode: False
2018-10-18 18:24:10.9923 [DEBUG] Scene Fusion version 1.8.1-0
2018-10-18 18:24:11.1824 [DEBUG] Play mode: True, sync in play mode: True
2018-10-18 18:24:16.1140 [DEBUG] Play mode: False
2018-10-18 18:24:40.4290 [DEBUG] Scene Fusion version 1.8.1-0
2018-10-18 18:24:40.6851 [DEBUG] Play mode: True, sync in play mode: True
2018-10-18 18:25:09.9766 [DEBUG] Play mode: False
2018-10-18 18:26:12.8831 [DEBUG] Scene Fusion version 1.8.1-0
2018-10-18 18:26:13.0711 [DEBUG] Play mode: True, sync in play mode: True
2018-10-18 18:26:37.4258 [DEBUG] Play mode: False
2018-10-18 18:36:34.2578 [DEBUG] Scene Fusion version 1.8.1-0
2018-10-18 18:36:34.6119 [DEBUG] Play mode: True, sync in play mode: True
2018-10-18 18:36:59.4588 [DEBUG] Play mode: False
2018-10-18 18:39:01.6479 [DEBUG] Scene Fusion version 1.8.1-0
2018-10-18 18:39:02.4023 [DEBUG] Play mode: True, sync in play mode: True
2018-10-18 18:39:21.9143 [DEBUG] Play mode: False
2018-10-18 18:41:29.4066 [DEBUG] Scene Fusion version 1.8.1-0
2018-10-18 18:41:29.7446 [DEBUG] Play mode: True, sync in play mode: True
2018-10-18 18:41:41.8738 [DEBUG] Play mode: False
2018-10-18 18:45:49.5518 [DEBUG] Scene Fusion version 1.8.1-0
2018-10-18 18:45:49.9950 [DEBUG] Play mode: True, sync in play mode: True
2018-10-18 18:46:23.7645 [DEBUG] Play mode: False
2018-10-18 20:14:37.4840 [DEBUG] Scene Fusion version 1.8.1-0
2018-10-18 20:14:38.1601 [DEBUG] Play mode: True, sync in play mode: True
2018-10-18 20:15:11.9446 [DEBUG] Play mode: False
2018-10-18 20:22:57.5804 [DEBUG] Scene Fusion version 1.8.1-0
2018-10-18 20:22:57.7745 [DEBUG] Play mode: True, sync in play mode: True
2018-10-18 20:23:13.4277 [DEBUG] Play mode: False
2018-10-18 20:25:29.1604 [DEBUG] Scene Fusion version 1.8.1-0
2018-10-18 20:25:29.4635 [DEBUG] Play mode: True, sync in play mode: True
2018-10-18 20:25:51.5177 [DEBUG] Play mode: False
2018-10-18 20:26:48.0941 [DEBUG] Scene Fusion version 1.8.1-0
2018-10-18 20:26:48.2781 [DEBUG] Play mode: True, sync in play mode: True
2018-10-18 20:26:58.4850 [DEBUG] Play mode: False
2018-10-18 20:30:21.6914 [DEBUG] Scene Fusion version 1.8.1-0
2018-10-18 20:30:21.9804 [DEBUG] Play mode: True, sync in play mode: True
2018-10-18 20:30:27.1638 [DEBUG] Play mode: False
2018-10-18 20:31:02.2702 [DEBUG] Scene Fusion version 1.8.1-0
2018-10-18 20:31:02.5382 [DEBUG] Play mode: True, sync in play mode: True
2018-10-18 20:31:24.6830 [DEBUG] Play mode: False
2018-10-18 20:32:32.7831 [DEBUG] Scene Fusion version 1.8.1-0
2018-10-18 20:32:33.0172 [DEBUG] Play mode: True, sync in play mode: True
2018-10-18 20:34:16.7403 [DEBUG] Play mode: False
2018-10-18 20:36:48.2428 [DEBUG] Scene Fusion version 1.8.1-0
2018-10-18 20:36:48.4509 [DEBUG] Play mode: True, sync in play mode: True
2018-10-18 20:37:20.7581 [DEBUG] Play mode: False
2018-10-18 20:38:26.3714 [DEBUG] Scene Fusion version 1.8.1-0
2018-10-18 20:38:26.6355 [DEBUG] Play mode: True, sync in play mode: True
2018-10-18 20:38:52.9746 [DEBUG] Play mode: False
2018-10-18 20:39:55.2919 [DEBUG] Scene Fusion version 1.8.1-0
2018-10-18 20:39:55.5159 [DEBUG] Play mode: True, sync in play mode: True
2018-10-18 20:40:01.6089 [DEBUG] Play mode: False
2018-10-18 20:42:02.5064 [DEBUG] Scene Fusion version 1.8.1-0
2018-10-18 20:42:02.7994 [DEBUG] Play mode: True, sync in play mode: True
2018-10-18 20:42:09.4818 [DEBUG] Play mode: False
2018-10-18 20:53:18.1944 [DEBUG] Scene Fusion version 1.8.1-0
2018-10-18 20:53:18.5150 [DEBUG] Play mode: True, sync in play mode: True
2018-10-18 20:53:25.0411 [DEBUG] Play mode: False
2018-10-18 20:53:36.0931 [DEBUG] Scene Fusion version 1.8.1-0
2018-10-18 20:53:36.2692 [DEBUG] Play mode: True, sync in play mode: True
2018-10-18 20:53:48.8742 [DEBUG] Play mode: False
2018-10-18 20:56:52.6257 [DEBUG] Scene Fusion version 1.8.1-0
2018-10-18 20:56:52.8608 [DEBUG] Play mode: True, sync in play mode: True
2018-10-18 20:57:02.2752 [DEBUG] Play mode: False
2018-10-18 21:00:09.6330 [DEBUG] Scene Fusion version 1.8.1-0
2018-10-18 21:00:09.9280 [DEBUG] Play mode: True, sync in play mode: True
2018-10-18 21:00:19.8682 [DEBUG] Play mode: False
2018-10-18 21:02:59.6729 [DEBUG] Scene Fusion version 1.8.1-0
2018-10-18 21:05:30.9656 [DEBUG] Scene Fusion version 1.8.1-0
2018-10-18 21:05:31.1757 [DEBUG] Play mode: True, sync in play mode: True
2018-10-18 21:05:46.7996 [DEBUG] Play mode: False
2018-10-18 21:07:03.9124 [DEBUG] Scene Fusion version 1.8.1-0
2018-10-18 21:07:04.3906 [DEBUG] Play mode: True, sync in play mode: True
2018-10-18 21:07:11.5019 [DEBUG] Play mode: False
2018-10-18 21:12:12.9416 [DEBUG] Scene Fusion version 1.8.1-0
2018-10-18 21:12:13.2707 [DEBUG] Play mode: True, sync in play mode: True
2018-10-18 21:12:23.7407 [DEBUG] Play mode: False
2018-10-18 21:13:05.9160 [DEBUG] Scene Fusion version 1.8.1-0
2018-10-18 21:13:06.2381 [DEBUG] Play mode: True, sync in play mode: True
2018-10-18 21:13:16.7749 [DEBUG] Play mode: False
2018-10-18 21:13:53.9526 [DEBUG] Scene Fusion version 1.8.1-0
2018-10-18 21:13:54.3187 [DEBUG] Play mode: True, sync in play mode: True
2018-10-18 21:14:04.1612 [DEBUG] Play mode: False
2018-10-18 21:14:40.0691 [DEBUG] Scene Fusion version 1.8.1-0
2018-10-18 21:14:40.3522 [DEBUG] Play mode: True, sync in play mode: True
2018-10-18 21:15:27.3140 [DEBUG] Play mode: False
2018-10-18 21:27:12.7190 [DEBUG] Scene Fusion version 1.8.1-0
2018-10-18 21:27:13.1421 [DEBUG] Play mode: True, sync in play mode: True
2018-10-18 21:27:31.9348 [DEBUG] Play mode: False
2018-10-18 21:31:37.0458 [DEBUG] Scene Fusion version 1.8.1-0
2018-10-18 21:31:38.8748 [DEBUG] Play mode: True, sync in play mode: True
2018-10-18 21:32:03.3580 [DEBUG] Play mode: False
2018-10-18 21:35:27.9263 [DEBUG] Scene Fusion version 1.8.1-0
2018-10-18 21:35:28.5805 [DEBUG] Play mode: True, sync in play mode: True
2018-10-18 21:35:40.4939 [DEBUG] Play mode: False
2018-10-18 21:37:13.4774 [DEBUG] Scene Fusion version 1.8.1-0
2018-10-18 21:37:14.1757 [DEBUG] Play mode: True, sync in play mode: True
2018-10-18 21:37:15.7026 [ERROR] MissingComponentException: There is no 'Rigidbody2D' attached to the "player" game object, but a script is trying to access it.
You probably need to add a Rigidbody2D to the game object "player". Or your script needs to check if the component is attached before using it.
UnityEngine.Rigidbody2D.get_position ()
Movement.Update () (at Assets/Movement.cs:39)

2018-10-18 21:37:15.9598 [ERROR] MissingComponentException: There is no 'Rigidbody2D' attached to the "player" game object, but a script is trying to access it.
You probably need to add a Rigidbody2D to the game object "player". Or your script needs to check if the component is attached before using it.
UnityEngine.Rigidbody2D.get_position ()
Movement.Update () (at Assets/Movement.cs:39)

2018-10-18 21:37:17.9086 [ERROR] MissingComponentException: There is no 'Rigidbody2D' attached to the "player" game object, but a script is trying to access it.
You probably need to add a Rigidbody2D to the game object "player". Or your script needs to check if the component is attached before using it.
UnityEngine.Rigidbody2D.get_position ()
Movement.Update () (at Assets/Movement.cs:39)

2018-10-18 21:37:18.0316 [ERROR] MissingComponentException: There is no 'Rigidbody2D' attached to the "player" game object, but a script is trying to access it.
You probably need to add a Rigidbody2D to the game object "player". Or your script needs to check if the component is attached before using it.
UnityEngine.Rigidbody2D.get_position ()
Movement.Update () (at Assets/Movement.cs:39)

2018-10-18 21:37:18.2086 [ERROR] MissingComponentException: There is no 'Rigidbody2D' attached to the "player" game object, but a script is trying to access it.
You probably need to add a Rigidbody2D to the game object "player". Or your script needs to check if the component is attached before using it.
UnityEngine.Rigidbody2D.get_position ()
Movement.Update () (at Assets/Movement.cs:39)

2018-10-18 21:37:18.4027 [ERROR] MissingComponentException: There is no 'Rigidbody2D' attached to the "player" game object, but a script is trying to access it.
You probably need to add a Rigidbody2D to the game object "player". Or your script needs to check if the component is attached before using it.
UnityEngine.Rigidbody2D.get_position ()
Movement.Update () (at Assets/Movement.cs:39)

2018-10-18 21:37:23.1979 [DEBUG] Play mode: False
2018-10-18 21:45:54.4571 [DEBUG] Scene Fusion version 1.8.1-0
2018-10-18 21:45:54.7482 [DEBUG] Play mode: True, sync in play mode: True
2018-10-18 21:45:56.0765 [DEBUG] Play mode: False
2018-10-18 21:48:54.2468 [DEBUG] Scene Fusion version 1.8.1-0
2018-10-18 21:48:54.5279 [DEBUG] Play mode: True, sync in play mode: True
2018-10-18 21:49:15.4161 [DEBUG] Play mode: False
2018-10-18 21:57:01.9896 [DEBUG] Scene Fusion version 1.8.1-0
2018-10-18 21:57:02.4817 [DEBUG] Play mode: True, sync in play mode: True
2018-10-18 21:57:17.0270 [DEBUG] Play mode: False
2018-10-18 21:59:02.5496 [DEBUG] Scene Fusion version 1.8.1-0
2018-10-18 21:59:02.8447 [DEBUG] Play mode: True, sync in play mode: True
2018-10-18 21:59:30.6160 [DEBUG] Play mode: False
2018-10-18 22:05:39.1652 [DEBUG] Scene Fusion version 1.8.1-0
2018-10-18 22:05:39.7223 [DEBUG] Play mode: True, sync in play mode: True
2018-10-18 22:06:04.5662 [DEBUG] Play mode: False
2018-10-18 22:12:25.5528 [DEBUG] Scene Fusion version 1.8.1-0
2018-10-18 22:12:25.8809 [DEBUG] Play mode: True, sync in play mode: True
2018-10-18 22:12:48.7892 [DEBUG] Play mode: False
2018-10-18 22:13:47.8669 [DEBUG] Scene Fusion version 1.8.1-0
2018-10-18 22:13:48.3050 [DEBUG] Play mode: True, sync in play mode: True
2018-10-18 22:14:05.5466 [DEBUG] Play mode: False
2018-10-18 22:15:22.7591 [DEBUG] Scene Fusion version 1.8.1-0
2018-10-18 22:15:23.0622 [DEBUG] Play mode: True, sync in play mode: True
2018-10-18 22:15:38.9257 [DEBUG] Play mode: False
2018-10-18 22:19:27.1398 [DEBUG] Scene Fusion version 1.8.1-0
2018-10-18 22:19:27.4929 [DEBUG] Play mode: True, sync in play mode: True
2018-10-18 22:19:38.5415 [DEBUG] Play mode: False
2018-10-18 22:20:01.5492 [DEBUG] Scene Fusion version 1.8.1-0
2018-10-18 22:20:02.3924 [DEBUG] Play mode: True, sync in play mode: True
2018-10-18 22:20:21.2789 [DEBUG] Play mode: False
2018-10-18 22:21:23.3438 [DEBUG] Scene Fusion version 1.8.1-0
2018-10-18 22:21:24.0085 [DEBUG] Play mode: True, sync in play mode: True
2018-10-18 22:21:48.8542 [DEBUG] Play mode: False
2018-10-18 22:22:04.4575 [DEBUG] Scene Fusion version 1.8.1-0
2018-10-18 22:22:04.7226 [DEBUG] Play mode: True, sync in play mode: True
2018-10-18 22:22:35.6227 [DEBUG] Play mode: False
2018-10-18 22:26:46.0323 [DEBUG] Scene Fusion version 1.8.1-0
2018-10-18 22:40:53.4729 [DEBUG] Scene Fusion version 1.8.1-0
2018-10-18 22:43:59.6880 [DEBUG] Scene Fusion version 1.8.1-0
2018-10-18 22:44:00.1422 [DEBUG] Play mode: True, sync in play mode: True
2018-10-18 22:44:30.2305 [DEBUG] Play mode: False
